Command line:
   Cache_isim_beh.exe
     -simmode  gui
     -simrunnum  0
     -socket  51134

Sun Jul 01 13:31:29 2018


 Elaboration Time: 0.078125 sec

 Current Memory Usage: 5331.39 Meg

 Total Signals          : 29
 Total Nets             : 93
 Total Signal Drivers   : 17
 Total Blocks           : 2
 Total Primitive Blocks : 2
 Total Processes        : 19
 Total Traceable Variables  : 32
 Total Scalar Nets and Variables : 332
Total Line Count : 77

 Total Simulation Time: 0.140625 sec

 Current Memory Usage: 5331.39 Meg

Sun Jul 01 13:31:33 2018

