Command line:
   cache_tb_isim_beh.exe
     -simmode  gui
     -simrunnum  0
     -socket  54765

Mon Jul 02 10:35:11 2018


 Elaboration Time: 0.109375 sec

 Current Memory Usage: 5330.82 Meg

 Total Signals          : 45
 Total Nets             : 96
 Total Signal Drivers   : 27
 Total Blocks           : 5
 Total Primitive Blocks : 4
 Total Processes        : 36
 Total Traceable Variables  : 54
 Total Scalar Nets and Variables : 1218
Total Line Count : 180

 Total Simulation Time: 0.21875 sec

 Current Memory Usage: 5016.25 Meg

Tue Jul 03 11:48:23 2018

